# JRE version: OpenJDK Runtime Environment (11.0.13) (build 11.0.13+0-b1751.21-8125866)
# Java VM: OpenJDK 64-Bit Server VM (11.0.13+0-b1751.21-8125866, mixed mode, tiered, compressed oops, g1 gc, windows-amd64)
Heap:
 garbage-first heap   total 262144K, used 131099K [0x0000000080000000, 0x0000000100000000)
  region size 1024K, 110 young (112640K), 6 survivors (6144K)
 Metaspace       used 44282K, capacity 45344K, committed 45648K, reserved 1089536K
  class space    used 5586K, capacity 5962K, committed 6016K, reserved 1048576K
GC Heap History (10 events):
Event: 12.313 GC heap before
{Heap before GC invocations=0 (full 0):
 garbage-first heap   total 262144K, used 29696K [0x0000000080000000, 0x0000000100000000)
  region size 1024K, 24 young (24576K), 0 survivors (0K)
 Metaspace       used 10163K, capacity 10334K, committed 10624K, reserved 1058816K
  class space    used 1044K, capacity 1107K, committed 1152K, reserved 1048576K
}
Event: 12.322 GC heap after
{Heap after GC invocations=1 (full 0):
 garbage-first heap   total 262144K, used 9325K [0x0000000080000000, 0x0000000100000000)
  region size 1024K, 3 young (3072K), 3 survivors (3072K)
 Metaspace       used 10163K, capacity 10334K, committed 10624K, reserved 1058816K
  class space    used 1044K, capacity 1107K, committed 1152K, reserved 1048576K
}
Event: 24.875 GC heap before
{Heap before GC invocations=1 (full 0):
 garbage-first heap   total 262144K, used 114797K [0x0000000080000000, 0x0000000100000000)
  region size 1024K, 107 young (109568K), 3 survivors (3072K)
 Metaspace       used 20813K, capacity 21194K, committed 21296K, reserved 1069056K
  class space    used 2532K, capacity 2687K, committed 2688K, reserved 1048576K
}
Event: 24.902 GC heap after
{Heap after GC invocations=2 (full 0):
 garbage-first heap   total 262144K, used 17482K [0x0000000080000000, 0x0000000100000000)
  region size 1024K, 11 young (11264K), 11 survivors (11264K)
 Metaspace       used 20813K, capacity 21194K, committed 21296K, reserved 1069056K
  class space    used 2532K, capacity 2687K, committed 2688K, reserved 1048576K
}
Event: 25.483 GC heap before
{Heap before GC invocations=3 (full 0):
 garbage-first heap   total 262144K, used 38986K [0x0000000080000000, 0x0000000100000000)
  region size 1024K, 33 young (33792K), 11 survivors (11264K)
 Metaspace       used 22675K, capacity 23141K, committed 23420K, reserved 1069056K
  class space    used 2875K, capacity 3065K, committed 3072K, reserved 1048576K
}
Event: 25.495 GC heap after
{Heap after GC invocations=4 (full 0):
 garbage-first heap   total 262144K, used 18176K [0x0000000080000000, 0x0000000100000000)
  region size 1024K, 2 young (2048K), 2 survivors (2048K)
 Metaspace       used 22675K, capacity 23141K, committed 23420K, reserved 1069056K
  class space    used 2875K, capacity 3065K, committed 3072K, reserved 1048576K
}
Event: 27.377 GC heap before
{Heap before GC invocations=4 (full 0):
 garbage-first heap   total 262144K, used 86784K [0x0000000080000000, 0x0000000100000000)
  region size 1024K, 69 young (70656K), 2 survivors (2048K)
 Metaspace       used 29388K, capacity 30060K, committed 30336K, reserved 1075200K
  class space    used 3881K, capacity 4142K, committed 4224K, reserved 1048576K
}
Event: 27.383 GC heap after
{Heap after GC invocations=5 (full 0):
 garbage-first heap   total 262144K, used 20063K [0x0000000080000000, 0x0000000100000000)
  region size 1024K, 4 young (4096K), 4 survivors (4096K)
 Metaspace       used 29388K, capacity 30060K, committed 30336K, reserved 1075200K
  class space    used 3881K, capacity 4142K, committed 4224K, reserved 1048576K
}
Event: 28.593 GC heap before
{Heap before GC invocations=5 (full 0):
 garbage-first heap   total 262144K, used 46687K [0x0000000080000000, 0x0000000100000000)
  region size 1024K, 31 young (31744K), 4 survivors (4096K)
 Metaspace       used 35172K, capacity 35945K, committed 36048K, reserved 1081344K
  class space    used 4518K, capacity 4807K, committed 4864K, reserved 1048576K
}
Event: 28.608 GC heap after
{Heap after GC invocations=6 (full 0):
 garbage-first heap   total 262144K, used 22555K [0x0000000080000000, 0x0000000100000000)
  region size 1024K, 6 young (6144K), 6 survivors (6144K)
 Metaspace       used 35172K, capacity 35945K, committed 36048K, reserved 1081344K
  class space    used 4518K, capacity 4807K, committed 4864K, reserved 1048576K
}

